<?xml version="1.0" encoding="UTF-8"?>
<testsuite name="pdfmodule.AppTest" tests="1" skipped="0" failures="0" errors="0" timestamp="2020-02-06T21:30:18" hostname="dmb-VirtualBox" time="0.003">
  <properties/>
  <testcase name="testAppHasAGreeting" classname="pdfmodule.AppTest" time="0.003"/>
  <system-out><![CDATA[]]></system-out>
  <system-err><![CDATA[]]></system-err>
</testsuite>
